<?xml version="1.0" encoding="UTF-8"?>
<!-- Generated by org.testng.reporters.JUnitXMLReporter -->
<testsuite ignored="0" hostname="DESKTOP-U8B8APG" failures="2" tests="3" name="Test" time="0.069" errors="0" timestamp="2025-02-11T20:31:05 IST">
  <testcase classname="RetrylogicDemo.Testcasesexample" name="testcase1" time="0.015">
    <failure type="java.lang.AssertionError">
      <![CDATA[java.lang.AssertionError
at org.junit.Assert.fail(Assert.java:87)
at org.junit.Assert.assertTrue(Assert.java:42)
at org.junit.Assert.assertTrue(Assert.java:53)
at RetrylogicDemo.Testcasesexample.testcase1(Testcasesexample.java:10)
at java.base/java.util.ArrayList.forEach(ArrayList.java:1596)
... Removed 25 stack frames]]>
    </failure>
  </testcase> <!-- testcase1 -->
  <testcase classname="RetrylogicDemo.Testcasesexample" name="testcase2" time="0.002">
    <failure type="java.lang.AssertionError">
      <![CDATA[java.lang.AssertionError
at org.junit.Assert.fail(Assert.java:87)
at org.junit.Assert.assertTrue(Assert.java:42)
at org.junit.Assert.assertTrue(Assert.java:53)
at RetrylogicDemo.Testcasesexample.testcase2(Testcasesexample.java:14)
at java.base/java.util.ArrayList.forEach(ArrayList.java:1596)
... Removed 25 stack frames]]>
    </failure>
  </testcase> <!-- testcase2 -->
  <testcase classname="RetrylogicDemo.Testcasesexample" name="testcase3" time="0.002"/>
</testsuite> <!-- Test -->
